<?xml version="1.0" encoding="UTF-8"?>
<testsuite name="org.poo.cb.TestEBankingApp" tests="10" skipped="0" failures="0" errors="0" timestamp="2024-10-14T17:17:20" hostname="RARES" time="0.214">
  <properties/>
  <testcase name="testTheTest()" classname="org.poo.cb.TestEBankingApp" time="0.054"/>
  <testcase name="test1()" classname="org.poo.cb.TestEBankingApp" time="0.052"/>
  <testcase name="test2()" classname="org.poo.cb.TestEBankingApp" time="0.014"/>
  <testcase name="test3()" classname="org.poo.cb.TestEBankingApp" time="0.007"/>
  <testcase name="test4()" classname="org.poo.cb.TestEBankingApp" time="0.005"/>
  <testcase name="test5()" classname="org.poo.cb.TestEBankingApp" time="0.018"/>
  <testcase name="test6()" classname="org.poo.cb.TestEBankingApp" time="0.008"/>
  <testcase name="test7()" classname="org.poo.cb.TestEBankingApp" time="0.012"/>
  <testcase name="test8()" classname="org.poo.cb.TestEBankingApp" time="0.009"/>
  <testcase name="test9()" classname="org.poo.cb.TestEBankingApp" time="0.009"/>
  <system-out><![CDATA[]]></system-out>
  <system-err><![CDATA[]]></system-err>
</testsuite>
